<?xml version="1.0" encoding="UTF-8"?>
<!-- Generated by org.testng.reporters.JUnitXMLReporter -->
<testsuite ignored="0" hostname="LAPTOP-7PBB867A" failures="2" tests="4" name="Test" time="299.691" errors="0" timestamp="2023-05-24T10:10:32 IST">
  <testcase classname="testNGAnnotations.Parallel" name="chrome" time="13.866"/>
  <testcase classname="testNGAnnotations.Parallel" name="edge" time="117.002"/>
  <testcase classname="testNGAnnotations.Parallel" name="firefox" time="168.726">
    <failure type="io.github.bonigarcia.wdm.config.WebDriverManagerException" message="org.apache.hc.client5.http.HttpHostConnectException: Connect to https://raw.githubusercontent.com:443 [raw.githubusercontent.com/49.44.79.236, raw.githubusercontent.com/2405:200:1607:2820:41:0:0:36] failed: Connection timed out: no further information">
      <![CDATA[io.github.bonigarcia.wdm.config.WebDriverManagerException: org.apache.hc.client5.http.HttpHostConnectException: Connect to https://raw.githubusercontent.com:443 [raw.githubusercontent.com/49.44.79.236, raw.githubusercontent.com/2405:200:1607:2820:41:0:0:36] failed: Connection timed out: no further information
at io.github.bonigarcia.wdm.WebDriverManager.handleException(WebDriverManager.java:1423)
at io.github.bonigarcia.wdm.WebDriverManager.manage(WebDriverManager.java:1204)
at io.github.bonigarcia.wdm.WebDriverManager.fallback(WebDriverManager.java:1439)
at io.github.bonigarcia.wdm.WebDriverManager.handleException(WebDriverManager.java:1416)
at io.github.bonigarcia.wdm.WebDriverManager.manage(WebDriverManager.java:1204)
at io.github.bonigarcia.wdm.WebDriverManager.setup(WebDriverManager.java:419)
at testNGAnnotations.Parallel.firefox(Parallel.java:27)
at java.base/java.util.ArrayList.forEach(ArrayList.java:1511)
Caused by: org.apache.hc.client5.http.HttpHostConnectException: Connect to https://raw.githubusercontent.com:443 [raw.githubusercontent.com/49.44.79.236, raw.githubusercontent.com/2405:200:1607:2820:41:0:0:36] failed: Connection timed out: no further information
at java.base/sun.nio.ch.Net.pollConnect(Native Method)
at java.base/sun.nio.ch.Net.pollConnectNow(Net.java:672)
at java.base/sun.nio.ch.NioSocketImpl.timedFinishConnect(NioSocketImpl.java:542)
at java.base/sun.nio.ch.NioSocketImpl.connect(NioSocketImpl.java:585)
at java.base/java.net.SocksSocketImpl.connect(SocksSocketImpl.java:327)
at java.base/java.net.Socket.connect(Socket.java:666)
at org.apache.hc.client5.http.ssl.SSLConnectionSocketFactory.lambda$connectSocket$0(SSLConnectionSocketFactory.java:232)
at java.base/java.security.AccessController.doPrivileged(AccessController.java:569)
at org.apache.hc.client5.http.ssl.SSLConnectionSocketFactory.connectSocket(SSLConnectionSocketFactory.java:231)
at org.apache.hc.client5.http.impl.io.DefaultHttpClientConnectionOperator.connect(DefaultHttpClientConnectionOperator.java:181)
at org.apache.hc.client5.http.impl.io.PoolingHttpClientConnectionManager.connect(PoolingHttpClientConnectionManager.java:447)
at org.apache.hc.client5.http.impl.classic.InternalExecRuntime.connectEndpoint(InternalExecRuntime.java:162)
at org.apache.hc.client5.http.impl.classic.InternalExecRuntime.connectEndpoint(InternalExecRuntime.java:172)
at org.apache.hc.client5.http.impl.classic.ConnectExec.execute(ConnectExec.java:142)
at org.apache.hc.client5.http.impl.classic.ExecChainElement.execute(ExecChainElement.java:51)
at org.apache.hc.client5.http.impl.classic.ProtocolExec.execute(ProtocolExec.java:192)
at org.apache.hc.client5.http.impl.classic.ExecChainElement.execute(ExecChainElement.java:51)
at org.apache.hc.client5.http.impl.classic.HttpRequestRetryExec.execute(HttpRequestRetryExec.java:96)
at org.apache.hc.client5.http.impl.classic.ExecChainElement.execute(ExecChainElement.java:51)
at org.apache.hc.client5.http.impl.classic.ContentCompressionExec.execute(ContentCompressionExec.java:152)
at org.apache.hc.client5.http.impl.classic.ExecChainElement.execute(ExecChainElement.java:51)
at org.apache.hc.client5.http.impl.classic.RedirectExec.execute(RedirectExec.java:115)
at org.apache.hc.client5.http.impl.classic.ExecChainElement.execute(ExecChainElement.java:51)
at org.apache.hc.client5.http.impl.classic.InternalHttpClient.doExecute(InternalHttpClient.java:170)
at org.apache.hc.client5.http.impl.classic.CloseableHttpClient.execute(CloseableHttpClient.java:87)
at org.apache.hc.client5.http.impl.classic.CloseableHttpClient.execute(CloseableHttpClient.java:55)
at org.apache.hc.client5.http.classic.HttpClient.executeOpen(HttpClient.java:183)
at io.github.bonigarcia.wdm.online.HttpClient.execute(HttpClient.java:162)
at io.github.bonigarcia.wdm.WebDriverManager.openGitHubConnection(WebDriverManager.java:1607)
at io.github.bonigarcia.wdm.WebDriverManager.getDriversFromGitHub(WebDriverManager.java:1621)
at io.github.bonigarcia.wdm.managers.FirefoxDriverManager.getDriverUrls(FirefoxDriverManager.java:102)
at io.github.bonigarcia.wdm.WebDriverManager.createUrlHandler(WebDriverManager.java:1444)
at io.github.bonigarcia.wdm.WebDriverManager.download(WebDriverManager.java:1279)
at io.github.bonigarcia.wdm.WebDriverManager.manage(WebDriverManager.java:1198)
... 31 more
... Removed 25 stack frames]]>
    </failure>
  </testcase> <!-- firefox -->
  <testcase classname="testNGAnnotations.Parallel" name="safari" time="0.019">
    <failure type="java.lang.IllegalStateException" message="The driver executable must exist: C:\usr\bin\safaridriver">
      <![CDATA[java.lang.IllegalStateException: The driver executable must exist: C:\usr\bin\safaridriver
at org.openqa.selenium.internal.Require$FileStateChecker.isFile(Require.java:345)
at org.openqa.selenium.remote.service.DriverFinder.getPath(DriverFinder.java:39)
at org.openqa.selenium.safari.SafariDriver.generateExecutor(SafariDriver.java:96)
at org.openqa.selenium.safari.SafariDriver.<init>(SafariDriver.java:86)
at org.openqa.selenium.safari.SafariDriver.<init>(SafariDriver.java:82)
at org.openqa.selenium.safari.SafariDriver.<init>(SafariDriver.java:60)
at org.openqa.selenium.safari.SafariDriver.<init>(SafariDriver.java:51)
at testNGAnnotations.Parallel.safari(Parallel.java:46)
at java.base/java.util.ArrayList.forEach(ArrayList.java:1511)
... Removed 25 stack frames]]>
    </failure>
  </testcase> <!-- safari -->
</testsuite> <!-- Test -->
