<?xml version="1.0" encoding="UTF-8"?>
<testng-results ignored="0" total="1" passed="1" failed="0" skipped="0">
  <reporter-output>
  </reporter-output>
  <suite started-at="2023-06-04T12:26:38 IST" name="Default suite" finished-at="2023-06-04T12:27:38 IST" duration-ms="59852">
    <groups>
    </groups>
    <test started-at="2023-06-04T12:26:38 IST" name="Default test" finished-at="2023-06-04T12:27:38 IST" duration-ms="59852">
      <class name="com.testcase.TC_01_SHPSTK_LOGIN">
        <test-method is-config="true" signature="setup()[pri:0, instance:com.testcase.TC_01_SHPSTK_LOGIN@7b2bbc3]" started-at="2023-06-04T12:26:38 IST" name="setup" finished-at="2023-06-04T12:27:24 IST" duration-ms="45663" status="PASS">
          <reporter-output>
          </reporter-output>
        </test-method> <!-- setup -->
        <test-method signature="VerifyUserShouldBeAbleToLogin()[pri:0, instance:com.testcase.TC_01_SHPSTK_LOGIN@7b2bbc3]" started-at="2023-06-04T12:27:24 IST" name="VerifyUserShouldBeAbleToLogin" finished-at="2023-06-04T12:27:38 IST" duration-ms="13875" status="PASS">
          <reporter-output>
          </reporter-output>
        </test-method> <!-- VerifyUserShouldBeAbleToLogin -->
        <test-method is-config="true" signature="tearDown()[pri:0, instance:com.testcase.TC_01_SHPSTK_LOGIN@7b2bbc3]" started-at="2023-06-04T12:27:38 IST" name="tearDown" finished-at="2023-06-04T12:27:38 IST" duration-ms="276" status="PASS">
          <reporter-output>
          </reporter-output>
        </test-method> <!-- tearDown -->
      </class> <!-- com.testcase.TC_01_SHPSTK_LOGIN -->
    </test> <!-- Default test -->
  </suite> <!-- Default suite -->
</testng-results>
