<?xml version="1.0" encoding="UTF-8"?>
<!-- Generated by org.testng.reporters.JUnitXMLReporter -->
<testsuite ignored="0" hostname="Sahabaj-Ahammed" failures="0" tests="1" name="Test" time="0.067" errors="0" timestamp="2023-06-06T23:05:13 IST">
  <testcase classname="com.testcase.BaseClass" name="@BeforeClass setup" time="-1.686072913599E9">
    <failure type="org.testng.TestNGException" message="
Can inject only one of &amp;lt;ITestContext, XmlTest&amp;gt; into a @BeforeClass annotated setup.
For more information on native dependency injection please refer to https://testng.org/doc/documentation-main.html#native-dependency-injection">
      <![CDATA[org.testng.TestNGException: 
Can inject only one of <ITestContext, XmlTest> into a @BeforeClass annotated setup.
For more information on native dependency injection please refer to https://testng.org/doc/documentation-main.html#native-dependency-injection
at java.base/java.util.ArrayList.forEach(ArrayList.java:1511)
... Removed 22 stack frames]]>
    </failure>
  </testcase> <!-- @BeforeClass setup -->
  <testcase classname="com.testcase.BaseClass" name="@AfterClass tearDown" time="0.0">
    <skipped/>
  </testcase> <!-- @AfterClass tearDown -->
  <testcase classname="com.testcase.TC_01_SHPSTK_LOGIN" name="VerifyUserShouldBeAbleToLogin" time="0.001">
    <skipped/>
  </testcase> <!-- VerifyUserShouldBeAbleToLogin -->
</testsuite> <!-- Test -->
