<?xml version="1.0" encoding="UTF-8"?>
<!-- Generated by org.testng.reporters.JUnitXMLReporter -->
<testsuite ignored="0" hostname="Sahabaj-Ahammed" failures="0" tests="1" name="Default test(failed)" time="0.08" errors="0" timestamp="2023-06-06T22:26:04 IST">
  <testcase classname="com.testcase.BaseClass" name="@BeforeClass setup" time="0.015">
    <failure type="java.lang.NullPointerException" message="Cannot invoke &amp;quot;String.toLowerCase()&amp;quot; because &amp;quot;this.browser&amp;quot; is null">
      <![CDATA[java.lang.NullPointerException: Cannot invoke "String.toLowerCase()" because "this.browser" is null
at com.testcase.BaseClass.setup(BaseClass.java:26)
at java.base/java.util.ArrayList.forEach(ArrayList.java:1511)
... Removed 23 stack frames]]>
    </failure>
  </testcase> <!-- @BeforeClass setup -->
  <testcase classname="com.testcase.BaseClass" name="@AfterClass tearDown" time="0.0">
    <skipped/>
  </testcase> <!-- @AfterClass tearDown -->
  <testcase classname="com.testcase.TC_01_SHPSTK_LOGIN" name="VerifyUserShouldBeAbleToLogin" time="0.0">
    <skipped/>
  </testcase> <!-- VerifyUserShouldBeAbleToLogin -->
</testsuite> <!-- Default test(failed) -->
